<?xml version="1.0" encoding="UTF-8"?>
<!-- Generated by org.testng.reporters.JUnitReportReporter -->
<testsuite hostname="kartikey" name="testpackage.MavenEdureka" tests="1" failures="0" timestamp="10 Apr 2022 10:13:48 GMT" time="19.576" errors="0">
  <testcase name="test" time="19.576" classname="testpackage.MavenEdureka"/>
</testsuite> <!-- testpackage.MavenEdureka -->
