<?xml version="1.0" encoding="UTF-8"?>
<!-- Generated by org.testng.reporters.JUnitReportReporter -->
<testsuite hostname="kartikey" name="testpackage.MavenEdureka" tests="1" failures="0" timestamp="10 Apr 2022 15:39:53 GMT" time="23.230" errors="0">
  <testcase name="test" time="23.230" classname="testpackage.MavenEdureka"/>
</testsuite> <!-- testpackage.MavenEdureka -->
